#
# A fatal error has been detected by the Java Runtime Environment:
#
#  EXCEPTION_STACK_OVERFLOW (0xc00000fd) at pc=0x5600c9cb, pid=16348, tid=0x00003868
#
# JRE version: OpenJDK Runtime Environment (8.0_432-b06) (build 1.8.0_432-b06)
# Java VM: OpenJDK Client VM (25.432-b06 mixed mode windows-x86 )
# Problematic frame:
# C  [libswipl.dll+0x2c9cb]
#
# Failed to write core dump. Minidumps are not enabled by default on client versions of Windows
#
# If you would like to submit a bug report, please visit:
#   https://github.com/adoptium/adoptium-support/issues
# The crash happened outside the Java Virtual Machine in native code.
# See problematic frame for where to report the bug.
#

---------------  T H R E A D  ---------------

Current thread (0x0122f800):  JavaThread "main" [_thread_in_native, id=14440, stack(0x02cb0000,0x02d00000)]

siginfo: ExceptionCode=0xc00000fd, ExceptionInformation=0x00000001 0x02cb039c 

Registers:
EAX=0x0001203c, EBX=0x02cbf400, ECX=0x02cb039c, EDX=0x00000068
ESP=0x02cbf390, EBP=0x02ce7440, ESI=0x00008000, EDI=0x01653f58
EIP=0x5600c9cb, EFLAGS=0x00010206

Top of Stack: (sp=0x02cbf390)
0x02cbf390:   0002003c 00000000 56009e6e 02cbf400
0x02cbf3a0:   00008000 01653f58 02ce7440 560039d1
0x02cbf3b0:   561064a9 02cbf400 00008000 00000000
0x02cbf3c0:   01653f9a 00000000 02cbf400 55ff6b14
0x02cbf3d0:   561064a9 02cbf400 00008000 00730065
0x02cbf3e0:   00280020 00380078 00290036 0045005c
0x02cbf3f0:   006c0063 00700069 02ce7540 00410020
0x02cbf400:   006f0064 00740070 00750069 005c006d 

Instructions: (pc=0x5600c9cb)
0x5600c9ab:   97 15 56 90 90 ff 25 64 97 15 56 90 90 51 50 3d
0x5600c9bb:   00 10 00 00 8d 4c 24 0c 72 15 81 e9 00 10 00 00
0x5600c9cb:   83 09 00 2d 00 10 00 00 3d 00 10 00 00 77 eb 29
0x5600c9db:   c1 83 09 00 58 59 c3 90 90 66 90 66 90 66 90 66 


Register to memory mapping:

EAX=0x0001203c is an unknown value
EBX=0x02cbf400 is pointing into the stack for thread: 0x0122f800
ECX=0x02cb039c is pointing into the stack for thread: 0x0122f800
EDX=0x00000068 is an unknown value
ESP=0x02cbf390 is pointing into the stack for thread: 0x0122f800
EBP=0x02ce7440 is pointing into the stack for thread: 0x0122f800
ESI=0x00008000 is an unknown value
EDI=0x01653f58 is an unknown value


Stack: [0x02cb0000,0x02d00000],  sp=0x02cbf390,  free space=60k
Native frames: (J=compiled Java code, j=interpreted, Vv=VM code, C=native code)
C  [libswipl.dll+0x2c9cb]
C  0x0000006c

Java frames: (J=compiled Java code, j=interpreted, Vv=VM code)
j  org.jpl7.fli.Prolog.thread_self()I+0
j  org.jpl7.Query.open()V+17
j  org.jpl7.Term.textToTerm(Ljava/lang/String;)Lorg/jpl7/Term;+57
j  org.jpl7.Query.<init>(Ljava/lang/String;)V+2
j  main.Main.main([Ljava/lang/String;)V+16
v  ~StubRoutines::call_stub

---------------  P R O C E S S  ---------------

Java Threads: ( => current thread )
  0x1552a800 JavaThread "Service Thread" daemon [_thread_blocked, id=4580, stack(0x158e0000,0x15930000)]
  0x1552d000 JavaThread "C1 CompilerThread0" daemon [_thread_blocked, id=7364, stack(0x15850000,0x158a0000)]
  0x15532800 JavaThread "Attach Listener" daemon [_thread_blocked, id=24072, stack(0x157c0000,0x15810000)]
  0x15530c00 JavaThread "Signal Dispatcher" daemon [_thread_blocked, id=24428, stack(0x15730000,0x15780000)]
  0x012fe000 JavaThread "Finalizer" daemon [_thread_blocked, id=19320, stack(0x15450000,0x154a0000)]
  0x012f8800 JavaThread "Reference Handler" daemon [_thread_blocked, id=15148, stack(0x153c0000,0x15410000)]
=>0x0122f800 JavaThread "main" [_thread_in_native, id=14440, stack(0x02cb0000,0x02d00000)]

Other Threads:
  0x012e0400 VMThread [stack: 0x15330000,0x15380000] [id=3152]
  0x1554e000 WatcherThread [stack: 0x15970000,0x159c0000] [id=19648]

VM state:not at safepoint (normal execution)

VM Mutex/Monitor currently owned by a thread: None

Heap:
 def new generation   total 4928K, used 931K [0x04e00000, 0x05350000, 0x0a350000)
  eden space 4416K,  21% used [0x04e00000, 0x04ee8e28, 0x05250000)
  from space 512K,   0% used [0x05250000, 0x05250000, 0x052d0000)
  to   space 512K,   0% used [0x052d0000, 0x052d0000, 0x05350000)
 tenured generation   total 10944K, used 0K [0x0a350000, 0x0ae00000, 0x14e00000)
   the space 10944K,   0% used [0x0a350000, 0x0a350000, 0x0a350200, 0x0ae00000)
 Metaspace       used 2186K, capacity 2344K, committed 2368K, reserved 4480K

Card table byte_map: [0x14e00000,0x14e90000] byte_map_base: 0x14dd9000

Polling page: 0x01630000

CodeCache: size=32768Kb used=688Kb max_used=688Kb free=32079Kb
 bounds [0x02d10000, 0x02dc0000, 0x04d10000]
 total_blobs=168 nmethods=25 adapters=75
 compilation: enabled

Compilation events (10 events):
Event: 0.068 Thread 0x1552d000   20             java.lang.String::length (6 bytes)
Event: 0.068 Thread 0x1552d000 nmethod 20 0x02db9bc8 code [0x02db9cc0, 0x02db9d50]
Event: 0.069 Thread 0x1552d000   22             sun.net.www.ParseUtil::encodePath (336 bytes)
Event: 0.069 Thread 0x1552d000 nmethod 22 0x02dba088 code [0x02dba230, 0x02dba8e8]
Event: 0.069 Thread 0x1552d000   23             java.io.WinNTFileSystem::normalize (143 bytes)
Event: 0.069 Thread 0x1552d000 nmethod 23 0x02dbaf48 code [0x02dbb090, 0x02dbb30c]
Event: 0.093 Thread 0x1552d000   24             java.lang.Math::min (11 bytes)
Event: 0.093 Thread 0x1552d000 nmethod 24 0x02dbb6c8 code [0x02dbb7c0, 0x02dbb830]
Event: 0.093 Thread 0x1552d000   25             sun.nio.cs.UTF_8$Encoder::encode (359 bytes)
Event: 0.094 Thread 0x1552d000 nmethod 25 0x02dbb888 code [0x02dbb9d0, 0x02dbbe08]

GC Heap History (0 events):
No events

Deoptimization events (0 events):
No events

Classes redefined (0 events):
No events

Internal exceptions (2 events):
Event: 0.018 Thread 0x0122f800 Exception <a 'java/lang/NoSuchMethodError': Method sun.misc.Unsafe.defineClass(Ljava/lang/String;[BII)Ljava/lang/Class; name or signature does not match> (0x04e06ec8) thrown at [C:\workspace\openjdk-build\workspace\build\src\hotspot\src\share\vm\prims\jni
Event: 0.018 Thread 0x0122f800 Exception <a 'java/lang/NoSuchMethodError': Method sun.misc.Unsafe.prefetchRead(Ljava/lang/Object;J)V name or signature does not match> (0x04e07198) thrown at [C:\workspace\openjdk-build\workspace\build\src\hotspot\src\share\vm\prims\jni.cpp, line 4015]

Events (10 events):
Event: 0.093 loading class org/jpl7/fli/Int64Holder
Event: 0.093 loading class org/jpl7/fli/Int64Holder done
Event: 0.093 loading class org/jpl7/fli/DoubleHolder
Event: 0.093 loading class org/jpl7/fli/DoubleHolder done
Event: 0.093 loading class org/jpl7/fli/StringHolder
Event: 0.093 loading class org/jpl7/fli/StringHolder done
Event: 0.094 loading class org/jpl7/fli/ObjectHolder
Event: 0.094 loading class org/jpl7/fli/ObjectHolder done
Event: 0.094 loading class org/jpl7/fli/BooleanHolder
Event: 0.094 loading class org/jpl7/fli/BooleanHolder done


Dynamic libraries:
0x00a00000 - 0x00a41000 	C:\Program Files (x86)\Eclipse Adoptium\jre-8.0.432.6-hotspot\bin\javaw.exe
0x77d30000 - 0x77ee2000 	C:\WINDOWS\SYSTEM32\ntdll.dll
0x773f0000 - 0x774e0000 	C:\WINDOWS\System32\KERNEL32.DLL
0x74f70000 - 0x74f85000 	C:\Program Files\Avast Software\Avast\x86\aswhook.dll
0x77040000 - 0x772c2000 	C:\WINDOWS\System32\KERNELBASE.dll
0x75e30000 - 0x75eaf000 	C:\WINDOWS\System32\ADVAPI32.dll
0x77ae0000 - 0x77ba4000 	C:\WINDOWS\System32\msvcrt.dll
0x77a50000 - 0x77ad5000 	C:\WINDOWS\System32\sechost.dll
0x76680000 - 0x7669a000 	C:\WINDOWS\System32\bcrypt.dll
0x77330000 - 0x773ea000 	C:\WINDOWS\System32\RPCRT4.dll
0x75c60000 - 0x75e09000 	C:\WINDOWS\System32\USER32.dll
0x75960000 - 0x7597a000 	C:\WINDOWS\System32\win32u.dll
0x76b20000 - 0x76b43000 	C:\WINDOWS\System32\GDI32.dll
0x75a60000 - 0x75b42000 	C:\WINDOWS\System32\gdi32full.dll
0x76f10000 - 0x76f89000 	C:\WINDOWS\System32\msvcp_win.dll
0x75eb0000 - 0x75fc2000 	C:\WINDOWS\System32\ucrtbase.dll
0x6ee00000 - 0x6f027000 	C:\WINDOWS\WinSxS\x86_microsoft.windows.common-controls_6595b64144ccf1df_6.0.22621.3672_none_6ec0f0a887fe525b\COMCTL32.dll
0x766a0000 - 0x766c5000 	C:\WINDOWS\System32\IMM32.DLL
0x58020000 - 0x58035000 	C:\Program Files (x86)\Eclipse Adoptium\jre-8.0.432.6-hotspot\bin\vcruntime140.dll
0x56770000 - 0x567dd000 	C:\Program Files (x86)\Eclipse Adoptium\jre-8.0.432.6-hotspot\bin\msvcp140.dll
0x56170000 - 0x56560000 	C:\Program Files (x86)\Eclipse Adoptium\jre-8.0.432.6-hotspot\bin\client\jvm.dll
0x766d0000 - 0x766d6000 	C:\WINDOWS\System32\PSAPI.DLL
0x74550000 - 0x74558000 	C:\WINDOWS\SYSTEM32\VERSION.dll
0x75260000 - 0x75291000 	C:\WINDOWS\SYSTEM32\WINMM.dll
0x5fbe0000 - 0x5fbe8000 	C:\WINDOWS\SYSTEM32\WSOCK32.dll
0x77640000 - 0x7769f000 	C:\WINDOWS\System32\WS2_32.dll
0x74f40000 - 0x74f53000 	C:\WINDOWS\SYSTEM32\kernel.appcore.dll
0x58010000 - 0x5801d000 	C:\Program Files (x86)\Eclipse Adoptium\jre-8.0.432.6-hotspot\bin\verify.dll
0x56740000 - 0x56764000 	C:\Program Files (x86)\Eclipse Adoptium\jre-8.0.432.6-hotspot\bin\java.dll
0x56720000 - 0x56736000 	C:\Program Files (x86)\Eclipse Adoptium\jre-8.0.432.6-hotspot\bin\zip.dll
0x75fd0000 - 0x76675000 	C:\WINDOWS\System32\SHELL32.dll
0x747b0000 - 0x74ea5000 	C:\WINDOWS\SYSTEM32\windows.storage.dll
0x776a0000 - 0x77920000 	C:\WINDOWS\System32\combase.dll
0x75180000 - 0x75247000 	C:\WINDOWS\SYSTEM32\wintypes.dll
0x75990000 - 0x75a56000 	C:\WINDOWS\System32\SHCORE.dll
0x76f90000 - 0x76fdb000 	C:\WINDOWS\System32\shlwapi.dll
0x6ba60000 - 0x6ba7d000 	C:\WINDOWS\SYSTEM32\profapi.dll
0x56700000 - 0x5671e000 	C:\Program Files (x86)\swipl\bin\jpl.dll
0x566e0000 - 0x566f9000 	C:\Program Files (x86)\swipl\bin\libwinpthread-1.dll
0x55fe0000 - 0x56168000 	C:\Program Files (x86)\swipl\bin\libswipl.dll
0x56610000 - 0x566d6000 	C:\Program Files (x86)\swipl\bin\libgcc_s_dw2-1.dll
0x55f50000 - 0x55fd7000 	C:\Program Files (x86)\swipl\bin\libgmp-10.dll
0x565e0000 - 0x56608000 	C:\Program Files (x86)\swipl\bin\zlib1.dll
0x752f0000 - 0x754c6000 	C:\WINDOWS\SYSTEM32\dbghelp.dll
0x75b50000 - 0x75bec000 	C:\WINDOWS\System32\OLEAUT32.dll
0x75bf0000 - 0x75c53000 	C:\WINDOWS\System32\bcryptPrimitives.dll

VM Arguments:
jvm_args: -Djava.library.path=C:\Program Files (x86)\swipl\bin -Dfile.encoding=UTF-8 -Dstdout.encoding=UTF-8 -Dstderr.encoding=UTF-8 
java_command: main.Main
java_class_path (initial): C:\Users\urano\Desktop\TP2C\TP-Paradigmas-2C2024\bin;C:\Program Files (x86)\swipl\lib\jpl.jar
Launcher Type: SUN_STANDARD

Environment Variables:
JAVA_HOME=C:\Program Files (x86)\Eclipse Adoptium\jre-8.0.432.6-hotspot\
PATH=C:/Users/urano/.p2/pool/plugins/org.eclipse.justj.openjdk.hotspot.jre.full.win32.x86_64_22.0.0.v20240322-1225/jre/bin/server;C:/Users/urano/.p2/pool/plugins/org.eclipse.justj.openjdk.hotspot.jre.full.win32.x86_64_22.0.0.v20240322-1225/jre/bin;C:\Program Files (x86)\Eclipse Adoptium\jre-8.0.432.6-hotspot\bin;C:\Program Files\Eclipse Adoptium\jdk-21.0.3.9-hotspot\bin;C:\Program Files\Microsoft MPI\Bin\;C:\Program Files\Eclipse Adoptium\jre-8.0.392.8-hotspot\bin;C:\Program Files\Eclipse Adoptium\jre-11.0.21.9-hotspot\bin;C:\WINDOWS\system32;C:\WINDOWS;C:\WINDOWS\System32\Wbem;C:\WINDOWS\System32\WindowsPowerShell\v1.0\;C:\WINDOWS\System32\OpenSSH\;C:\Program Files (x86)\NVIDIA Corporation\PhysX\Common;C:\Program Files\NVIDIA Corporation\NVIDIA NvDLISR;C:\Program Files\Microsoft SQL Server\150\Tools\Binn\;C:\Program Files\Microsoft SQL Server\Client SDK\ODBC\170\Tools\Binn\;C:\Program Files (x86)\Microsoft SQL Server\160\Tools\Binn\;C:\Program Files\Microsoft SQL Server\160\Tools\Binn\;C:\Program Files\Microsoft SQL Server\160\DTS\Binn\;C:\Program Files (x86)\Microsoft SQL Server\160\DTS\Binn\;C:\Program Files\MongoDB\Server\7.0\bin;C:\Program Files\dotnet\;C:\Program Files\Git\cmd;C:\Users\urano\AppData\Local\Microsoft\WindowsApps;C:\Users\urano\AppData\Local\Programs\Microsoft VS Code\bin;C:\Program Files\mongosh\;C:\Users\urano\.dotnet\tools;C:\Program Files (x86)\swipl\bin;C:\Program Files (x86)\swipl\lib\jpl.jar;;C:\Users\urano\Desktop;
USERNAME=urano
OS=Windows_NT
PROCESSOR_IDENTIFIER=Intel64 Family 6 Model 165 Stepping 3, GenuineIntel



---------------  S Y S T E M  ---------------

OS: Windows 11 , 64 bit Build 22621 (10.0.22621.3958)

CPU:total 12 (initial active 12) (6 cores per cpu, 2 threads per core) family 6 model 165 stepping 3, cmov, cx8, fxsr, mmx, sse, sse2, sse3, ssse3, sse4.1, sse4.2, popcnt, avx, avx2, aes, clmul, erms, 3dnowpref, lzcnt, ht, tsc, tscinvbit, bmi1, bmi2, adx

Memory: 4k page, physical 16692492k(5917964k free), swap 37664012k(21770380k free)

vm_info: OpenJDK Client VM (25.432-b06) for windows-x86 JRE (1.8.0_432-b06), built on Oct 17 2024 09:47:56 by "jenkins" with unknown MS VC++:1937

time: Sat Nov  9 21:14:25 2024
timezone: Hora estándar de Argentina
elapsed time: 0.129035 seconds (0d 0h 0m 0s)

