#
# A fatal error has been detected by the Java Runtime Environment:
#
#  EXCEPTION_STACK_OVERFLOW (0xc00000fd) at pc=0x5676c9cb, pid=16328, tid=0x000031a4
#
# JRE version: OpenJDK Runtime Environment (8.0_432-b06) (build 1.8.0_432-b06)
# Java VM: OpenJDK Client VM (25.432-b06 mixed mode windows-x86 )
# Problematic frame:
# C  [libswipl.dll+0x2c9cb]
#
# Failed to write core dump. Minidumps are not enabled by default on client versions of Windows
#
# If you would like to submit a bug report, please visit:
#   https://github.com/adoptium/adoptium-support/issues
# The crash happened outside the Java Virtual Machine in native code.
# See problematic frame for where to report the bug.
#

---------------  T H R E A D  ---------------

Current thread (0x00925c00):  JavaThread "main" [_thread_in_native, id=12708, stack(0x024d0000,0x02520000)]

siginfo: ExceptionCode=0xc00000fd, ExceptionInformation=0x00000001 0x024d036c 

Registers:
EAX=0x0001203c, EBX=0x024df3d0, ECX=0x024d036c, EDX=0x00000068
ESP=0x024df360, EBP=0x02507410, ESI=0x00008000, EDI=0x00e54a38
EIP=0x5676c9cb, EFLAGS=0x00010206

Top of Stack: (sp=0x024df360)
0x024df360:   0002003c 00000000 56769e6e 024df3d0
0x024df370:   00008000 00e54a38 02507410 567639d1
0x024df380:   568664a9 024df3d0 00008000 00000000
0x024df390:   00e54a6a 00000000 024df3d0 56756b14
0x024df3a0:   568664a9 024df3d0 00008000 00730065
0x024df3b0:   00280020 00380078 00290036 0045005c
0x024df3c0:   006c0063 00700069 02507510 00410020
0x024df3d0:   006f0064 00740070 00750069 005c006d 

Instructions: (pc=0x5676c9cb)
0x5676c9ab:   97 8b 56 90 90 ff 25 64 97 8b 56 90 90 51 50 3d
0x5676c9bb:   00 10 00 00 8d 4c 24 0c 72 15 81 e9 00 10 00 00
0x5676c9cb:   83 09 00 2d 00 10 00 00 3d 00 10 00 00 77 eb 29
0x5676c9db:   c1 83 09 00 58 59 c3 90 90 66 90 66 90 66 90 66 


Register to memory mapping:

EAX=0x0001203c is an unknown value
EBX=0x024df3d0 is pointing into the stack for thread: 0x00925c00
ECX=0x024d036c is pointing into the stack for thread: 0x00925c00
EDX=0x00000068 is an unknown value
ESP=0x024df360 is pointing into the stack for thread: 0x00925c00
EBP=0x02507410 is pointing into the stack for thread: 0x00925c00
ESI=0x00008000 is an unknown value
EDI=0x00e54a38 is an unknown value


Stack: [0x024d0000,0x02520000],  sp=0x024df360,  free space=60k
Native frames: (J=compiled Java code, j=interpreted, Vv=VM code, C=native code)
C  [libswipl.dll+0x2c9cb]
C  0x0000006c

Java frames: (J=compiled Java code, j=interpreted, Vv=VM code)
j  org.jpl7.fli.Prolog.thread_self()I+0
j  org.jpl7.Query.open()V+17
j  org.jpl7.Term.textToTerm(Ljava/lang/String;)Lorg/jpl7/Term;+57
j  org.jpl7.Query.<init>(Ljava/lang/String;)V+2
j  main.Main.main([Ljava/lang/String;)V+16
v  ~StubRoutines::call_stub

---------------  P R O C E S S  ---------------

Java Threads: ( => current thread )
  0x14dee400 JavaThread "Service Thread" daemon [_thread_blocked, id=21356, stack(0x15640000,0x15690000)]
  0x14de1400 JavaThread "C1 CompilerThread0" daemon [_thread_blocked, id=20008, stack(0x155b0000,0x15600000)]
  0x14ddd000 JavaThread "JDWP Command Reader" daemon [_thread_in_native, id=11956, stack(0x15520000,0x15570000)]
  0x14ddac00 JavaThread "JDWP Event Helper Thread" daemon [_thread_blocked, id=5432, stack(0x15490000,0x154e0000)]
  0x14dd7000 JavaThread "JDWP Transport Listener: dt_socket" daemon [_thread_blocked, id=3920, stack(0x15400000,0x15450000)]
  0x14da8000 JavaThread "Attach Listener" daemon [_thread_blocked, id=7896, stack(0x15030000,0x15080000)]
  0x14da6000 JavaThread "Signal Dispatcher" daemon [_thread_blocked, id=18324, stack(0x14fa0000,0x14ff0000)]
  0x14d82000 JavaThread "Finalizer" daemon [_thread_blocked, id=10644, stack(0x14cb0000,0x14d00000)]
  0x009ec800 JavaThread "Reference Handler" daemon [_thread_blocked, id=10416, stack(0x14c20000,0x14c70000)]
=>0x00925c00 JavaThread "main" [_thread_in_native, id=12708, stack(0x024d0000,0x02520000)]

Other Threads:
  0x009d9400 VMThread [stack: 0x14b90000,0x14be0000] [id=3088]
  0x14defc00 WatcherThread [stack: 0x156d0000,0x15720000] [id=21312]

VM state:not at safepoint (normal execution)

VM Mutex/Monitor currently owned by a thread: None

Heap:
 def new generation   total 4928K, used 1075K [0x04600000, 0x04b50000, 0x09b50000)
  eden space 4416K,  24% used [0x04600000, 0x0470cec8, 0x04a50000)
  from space 512K,   0% used [0x04a50000, 0x04a50000, 0x04ad0000)
  to   space 512K,   0% used [0x04ad0000, 0x04ad0000, 0x04b50000)
 tenured generation   total 10944K, used 0K [0x09b50000, 0x0a600000, 0x14600000)
   the space 10944K,   0% used [0x09b50000, 0x09b50000, 0x09b50200, 0x0a600000)
 Metaspace       used 2246K, capacity 2344K, committed 2368K, reserved 4480K

Card table byte_map: [0x14600000,0x14690000] byte_map_base: 0x145dd000

Polling page: 0x02520000

CodeCache: size=32768Kb used=705Kb max_used=705Kb free=32062Kb
 bounds [0x02550000, 0x02608000, 0x04550000]
 total_blobs=161 nmethods=26 adapters=75
 compilation: enabled

Compilation events (10 events):
Event: 0.114 Thread 0x14de1400   22             java.lang.String::length (6 bytes)
Event: 0.114 Thread 0x14de1400 nmethod 22 0x025fde88 code [0x025fdf80, 0x025fe010]
Event: 0.114 Thread 0x14de1400   23             java.io.WinNTFileSystem::normalize (143 bytes)
Event: 0.114 Thread 0x14de1400 nmethod 23 0x025fe088 code [0x025fe1e0, 0x025fe48c]
Event: 0.115 Thread 0x14de1400   24             sun.net.www.ParseUtil::encodePath (336 bytes)
Event: 0.115 Thread 0x14de1400 nmethod 24 0x025fe7c8 code [0x025fe970, 0x025ff058]
Event: 0.122 Thread 0x14de1400   25             java.lang.Math::min (11 bytes)
Event: 0.122 Thread 0x14de1400 nmethod 25 0x025ff848 code [0x025ff940, 0x025ff9b0]
Event: 0.122 Thread 0x14de1400   26             sun.nio.cs.UTF_8$Encoder::encode (359 bytes)
Event: 0.123 Thread 0x14de1400 nmethod 26 0x025ffa08 code [0x025ffb50, 0x025fffb8]

GC Heap History (0 events):
No events

Deoptimization events (0 events):
No events

Classes redefined (0 events):
No events

Internal exceptions (2 events):
Event: 0.019 Thread 0x00925c00 Exception <a 'java/lang/NoSuchMethodError': Method sun.misc.Unsafe.defineClass(Ljava/lang/String;[BII)Ljava/lang/Class; name or signature does not match> (0x04606ec8) thrown at [C:\workspace\openjdk-build\workspace\build\src\hotspot\src\share\vm\prims\jni
Event: 0.019 Thread 0x00925c00 Exception <a 'java/lang/NoSuchMethodError': Method sun.misc.Unsafe.prefetchRead(Ljava/lang/Object;J)V name or signature does not match> (0x04607198) thrown at [C:\workspace\openjdk-build\workspace\build\src\hotspot\src\share\vm\prims\jni.cpp, line 4015]

Events (10 events):
Event: 0.124 loading class org/jpl7/fli/Int64Holder
Event: 0.124 loading class org/jpl7/fli/Int64Holder done
Event: 0.124 loading class org/jpl7/fli/DoubleHolder
Event: 0.124 loading class org/jpl7/fli/DoubleHolder done
Event: 0.124 loading class org/jpl7/fli/StringHolder
Event: 0.124 loading class org/jpl7/fli/StringHolder done
Event: 0.124 loading class org/jpl7/fli/ObjectHolder
Event: 0.124 loading class org/jpl7/fli/ObjectHolder done
Event: 0.124 loading class org/jpl7/fli/BooleanHolder
Event: 0.124 loading class org/jpl7/fli/BooleanHolder done


Dynamic libraries:
0x00390000 - 0x003d1000 	C:\Program Files (x86)\Eclipse Adoptium\jre-8.0.432.6-hotspot\bin\java.exe
0x76f60000 - 0x77112000 	C:\WINDOWS\SYSTEM32\ntdll.dll
0x76240000 - 0x76330000 	C:\WINDOWS\System32\KERNEL32.DLL
0x65bf0000 - 0x65c05000 	C:\Program Files\Avast Software\Avast\x86\aswhook.dll
0x74fc0000 - 0x75242000 	C:\WINDOWS\System32\KERNELBASE.dll
0x71f20000 - 0x71fc6000 	C:\WINDOWS\SYSTEM32\apphelp.dll
0x761c0000 - 0x7623f000 	C:\WINDOWS\System32\ADVAPI32.dll
0x75db0000 - 0x75e74000 	C:\WINDOWS\System32\msvcrt.dll
0x76bc0000 - 0x76c45000 	C:\WINDOWS\System32\sechost.dll
0x76770000 - 0x7678a000 	C:\WINDOWS\System32\bcrypt.dll
0x75e80000 - 0x75f3a000 	C:\WINDOWS\System32\RPCRT4.dll
0x74bc0000 - 0x74d69000 	C:\WINDOWS\System32\USER32.dll
0x75ca0000 - 0x75cba000 	C:\WINDOWS\System32\win32u.dll
0x76b90000 - 0x76bb3000 	C:\WINDOWS\System32\GDI32.dll
0x75cc0000 - 0x75da2000 	C:\WINDOWS\System32\gdi32full.dll
0x75c20000 - 0x75c99000 	C:\WINDOWS\System32\msvcp_win.dll
0x76830000 - 0x76942000 	C:\WINDOWS\System32\ucrtbase.dll
0x74960000 - 0x74b87000 	C:\WINDOWS\WinSxS\x86_microsoft.windows.common-controls_6595b64144ccf1df_6.0.22621.3672_none_6ec0f0a887fe525b\COMCTL32.dll
0x74b90000 - 0x74bb5000 	C:\WINDOWS\System32\IMM32.DLL
0x65fe0000 - 0x65ff5000 	C:\Program Files (x86)\Eclipse Adoptium\jre-8.0.432.6-hotspot\bin\vcruntime140.dll
0x65f70000 - 0x65fdd000 	C:\Program Files (x86)\Eclipse Adoptium\jre-8.0.432.6-hotspot\bin\msvcp140.dll
0x568d0000 - 0x56cc0000 	C:\Program Files (x86)\Eclipse Adoptium\jre-8.0.432.6-hotspot\bin\client\jvm.dll
0x76a10000 - 0x76a16000 	C:\WINDOWS\System32\PSAPI.DLL
0x6f7d0000 - 0x6f7d8000 	C:\WINDOWS\SYSTEM32\WSOCK32.dll
0x72000000 - 0x72008000 	C:\WINDOWS\SYSTEM32\VERSION.dll
0x72010000 - 0x72041000 	C:\WINDOWS\SYSTEM32\WINMM.dll
0x74ee0000 - 0x74f3f000 	C:\WINDOWS\System32\WS2_32.dll
0x71e40000 - 0x71e53000 	C:\WINDOWS\SYSTEM32\kernel.appcore.dll
0x66700000 - 0x6670d000 	C:\Program Files (x86)\Eclipse Adoptium\jre-8.0.432.6-hotspot\bin\verify.dll
0x56e90000 - 0x56eb4000 	C:\Program Files (x86)\Eclipse Adoptium\jre-8.0.432.6-hotspot\bin\java.dll
0x56e60000 - 0x56e8c000 	C:\Program Files (x86)\Eclipse Adoptium\jre-8.0.432.6-hotspot\bin\jdwp.dll
0x60300000 - 0x60307000 	C:\Program Files (x86)\Eclipse Adoptium\jre-8.0.432.6-hotspot\bin\npt.dll
0x56e40000 - 0x56e56000 	C:\Program Files (x86)\Eclipse Adoptium\jre-8.0.432.6-hotspot\bin\zip.dll
0x75250000 - 0x758f5000 	C:\WINDOWS\System32\SHELL32.dll
0x74260000 - 0x74955000 	C:\WINDOWS\SYSTEM32\windows.storage.dll
0x75f40000 - 0x761c0000 	C:\WINDOWS\System32\combase.dll
0x74190000 - 0x74257000 	C:\WINDOWS\SYSTEM32\wintypes.dll
0x75970000 - 0x75a36000 	C:\WINDOWS\System32\SHCORE.dll
0x76f00000 - 0x76f4b000 	C:\WINDOWS\System32\shlwapi.dll
0x70d70000 - 0x70d8d000 	C:\WINDOWS\SYSTEM32\profapi.dll
0x56e30000 - 0x56e39000 	C:\Program Files (x86)\Eclipse Adoptium\jre-8.0.432.6-hotspot\bin\dt_socket.dll
0x60680000 - 0x60692000 	C:\WINDOWS\system32\napinsp.dll
0x60660000 - 0x60676000 	C:\WINDOWS\system32\pnrpnsp.dll
0x65c10000 - 0x65c61000 	C:\WINDOWS\System32\mswsock.dll
0x6f570000 - 0x6f632000 	C:\WINDOWS\SYSTEM32\DNSAPI.dll
0x71ef0000 - 0x71f14000 	C:\WINDOWS\SYSTEM32\IPHLPAPI.DLL
0x74fb0000 - 0x74fb7000 	C:\WINDOWS\System32\NSI.dll
0x60650000 - 0x6065e000 	C:\WINDOWS\System32\winrnr.dll
0x60630000 - 0x60641000 	C:\WINDOWS\system32\wshbth.dll
0x6f670000 - 0x6f68e000 	C:\WINDOWS\system32\nlansp_c.dll
0x65b90000 - 0x65bed000 	C:\WINDOWS\System32\fwpuclnt.dll
0x6f690000 - 0x6f698000 	C:\Windows\System32\rasadhlp.dll
0x56e10000 - 0x56e2e000 	C:\Program Files (x86)\swipl\bin\jpl.dll
0x56df0000 - 0x56e09000 	C:\Program Files (x86)\swipl\bin\libwinpthread-1.dll
0x56740000 - 0x568c8000 	C:\Program Files (x86)\swipl\bin\libswipl.dll
0x56670000 - 0x56736000 	C:\Program Files (x86)\swipl\bin\libgcc_s_dw2-1.dll
0x565e0000 - 0x56667000 	C:\Program Files (x86)\swipl\bin\libgmp-10.dll
0x56dc0000 - 0x56de8000 	C:\Program Files (x86)\swipl\bin\zlib1.dll
0x73fa0000 - 0x74176000 	C:\WINDOWS\SYSTEM32\dbghelp.dll
0x76790000 - 0x7682c000 	C:\WINDOWS\System32\OLEAUT32.dll
0x75900000 - 0x75963000 	C:\WINDOWS\System32\bcryptPrimitives.dll

VM Arguments:
jvm_args: -agentlib:jdwp=transport=dt_socket,server=n,suspend=y,address=localhost:50049 
java_command: main.Main
java_class_path (initial): C:\Users\urano\AppData\Local\Temp\cp_64nj06g911tqnyttzxlqybrr5.jar
Launcher Type: SUN_STANDARD

Environment Variables:
JAVA_HOME=C:\Program Files (x86)\Eclipse Adoptium\jre-8.0.432.6-hotspot\
PATH=C:\Program Files\Common Files\Oracle\Java\javapath;C:\Program Files (x86)\Eclipse Adoptium\jre-8.0.432.6-hotspot\bin;C:\Program Files\Eclipse Adoptium\jdk-21.0.3.9-hotspot\bin;C:\Program Files\Microsoft MPI\Bin\;C:\Program Files\Eclipse Adoptium\jre-8.0.392.8-hotspot\bin;C:\Program Files\Eclipse Adoptium\jre-11.0.21.9-hotspot\bin;C:\WINDOWS\system32;C:\WINDOWS;C:\WINDOWS\System32\Wbem;C:\WINDOWS\System32\WindowsPowerShell\v1.0\;C:\WINDOWS\System32\OpenSSH\;C:\Program Files (x86)\NVIDIA Corporation\PhysX\Common;C:\Program Files\NVIDIA Corporation\NVIDIA NvDLISR;C:\Program Files\Microsoft SQL Server\150\Tools\Binn\;C:\Program Files\Microsoft SQL Server\Client SDK\ODBC\170\Tools\Binn\;C:\Program Files (x86)\Microsoft SQL Server\160\Tools\Binn\;C:\Program Files\Microsoft SQL Server\160\Tools\Binn\;C:\Program Files\Microsoft SQL Server\160\DTS\Binn\;C:\Program Files (x86)\Microsoft SQL Server\160\DTS\Binn\;C:\Program Files\MongoDB\Server\7.0\bin;C:\Program Files\dotnet\;C:\Program Files\Git\cmd;C:\Users\urano\AppData\Local\Microsoft\WindowsApps;C:\Users\urano\AppData\Local\Programs\Microsoft VS Code\bin;C:\Program Files\mongosh\;C:\Users\urano\.dotnet\tools;C:\Program Files (x86)\swipl\bin;C:\Program Files (x86)\swipl\lib\jpl.jar;
USERNAME=urano
OS=Windows_NT
PROCESSOR_IDENTIFIER=Intel64 Family 6 Model 165 Stepping 3, GenuineIntel



---------------  S Y S T E M  ---------------

OS: Windows 11 , 64 bit Build 22621 (10.0.22621.3958)

CPU:total 12 (initial active 12) (6 cores per cpu, 2 threads per core) family 6 model 165 stepping 3, cmov, cx8, fxsr, mmx, sse, sse2, sse3, ssse3, sse4.1, sse4.2, popcnt, avx, avx2, aes, clmul, erms, 3dnowpref, lzcnt, ht, tsc, tscinvbit, bmi1, bmi2, adx

Memory: 4k page, physical 16692492k(8930640k free), swap 37664012k(27102404k free)

vm_info: OpenJDK Client VM (25.432-b06) for windows-x86 JRE (1.8.0_432-b06), built on Oct 17 2024 09:47:56 by "jenkins" with unknown MS VC++:1937

time: Sat Nov  9 22:30:22 2024
timezone: Hora estándar de Argentina
elapsed time: 0.150485 seconds (0d 0h 0m 0s)

