#
# A fatal error has been detected by the Java Runtime Environment:
#
#  EXCEPTION_STACK_OVERFLOW (0xc00000fd) at pc=0x5600c9cb, pid=23568, tid=0x00003af4
#
# JRE version: OpenJDK Runtime Environment (8.0_432-b06) (build 1.8.0_432-b06)
# Java VM: OpenJDK Client VM (25.432-b06 mixed mode windows-x86 )
# Problematic frame:
# C  [libswipl.dll+0x2c9cb]
#
# Failed to write core dump. Minidumps are not enabled by default on client versions of Windows
#
# If you would like to submit a bug report, please visit:
#   https://github.com/adoptium/adoptium-support/issues
# The crash happened outside the Java Virtual Machine in native code.
# See problematic frame for where to report the bug.
#

---------------  T H R E A D  ---------------

Current thread (0x008d5c00):  JavaThread "main" [_thread_in_native, id=15092, stack(0x02440000,0x02490000)]

siginfo: ExceptionCode=0xc00000fd, ExceptionInformation=0x00000001 0x0244071c 

Registers:
EAX=0x0001203c, EBX=0x0244f780, ECX=0x0244071c, EDX=0x00000068
ESP=0x0244f710, EBP=0x024777c0, ESI=0x00008000, EDI=0x00de49f8
EIP=0x5600c9cb, EFLAGS=0x00010202

Top of Stack: (sp=0x0244f710)
0x0244f710:   0002003c 00000000 56009e6e 0244f780
0x0244f720:   00008000 00de49f8 024777c0 560039d1
0x0244f730:   561064a9 0244f780 00008000 00000000
0x0244f740:   00de4a3a 00000000 0244f780 55ff6b14
0x0244f750:   561064a9 0244f780 00008000 00730065
0x0244f760:   00280020 00380078 00290036 0045005c
0x0244f770:   006c0063 00700069 024778c0 00410020
0x0244f780:   006f0064 00740070 00750069 005c006d 

Instructions: (pc=0x5600c9cb)
0x5600c9ab:   97 15 56 90 90 ff 25 64 97 15 56 90 90 51 50 3d
0x5600c9bb:   00 10 00 00 8d 4c 24 0c 72 15 81 e9 00 10 00 00
0x5600c9cb:   83 09 00 2d 00 10 00 00 3d 00 10 00 00 77 eb 29
0x5600c9db:   c1 83 09 00 58 59 c3 90 90 66 90 66 90 66 90 66 


Register to memory mapping:

EAX=0x0001203c is an unknown value
EBX=0x0244f780 is pointing into the stack for thread: 0x008d5c00
ECX=0x0244071c is pointing into the stack for thread: 0x008d5c00
EDX=0x00000068 is an unknown value
ESP=0x0244f710 is pointing into the stack for thread: 0x008d5c00
EBP=0x024777c0 is pointing into the stack for thread: 0x008d5c00
ESI=0x00008000 is an unknown value
EDI=0x00de49f8 is an unknown value


Stack: [0x02440000,0x02490000],  sp=0x0244f710,  free space=61k
Native frames: (J=compiled Java code, j=interpreted, Vv=VM code, C=native code)
C  [libswipl.dll+0x2c9cb]
C  0x0000006c

Java frames: (J=compiled Java code, j=interpreted, Vv=VM code)
j  org.jpl7.fli.Prolog.thread_self()I+0
j  org.jpl7.Query.open()V+17
j  org.jpl7.Term.textToTerm(Ljava/lang/String;)Lorg/jpl7/Term;+57
j  org.jpl7.Query.<init>(Ljava/lang/String;)V+2
j  main.Main.main([Ljava/lang/String;)V+16
v  ~StubRoutines::call_stub

---------------  P R O C E S S  ---------------

Java Threads: ( => current thread )
  0x14d5d000 JavaThread "Service Thread" daemon [_thread_blocked, id=23860, stack(0x15570000,0x155c0000)]
  0x14d5f800 JavaThread "C1 CompilerThread0" daemon [_thread_blocked, id=14288, stack(0x154e0000,0x15530000)]
  0x14d4e000 JavaThread "JDWP Command Reader" daemon [_thread_in_native, id=24208, stack(0x15450000,0x154a0000)]
  0x14d49c00 JavaThread "JDWP Event Helper Thread" daemon [_thread_blocked, id=17628, stack(0x153c0000,0x15410000)]
  0x14d44400 JavaThread "JDWP Transport Listener: dt_socket" daemon [_thread_blocked, id=24448, stack(0x15330000,0x15380000)]
  0x14d16000 JavaThread "Attach Listener" daemon [_thread_blocked, id=23592, stack(0x14f60000,0x14fb0000)]
  0x14d04400 JavaThread "Signal Dispatcher" daemon [_thread_blocked, id=13096, stack(0x14ed0000,0x14f20000)]
  0x0099e400 JavaThread "Finalizer" daemon [_thread_blocked, id=22424, stack(0x14be0000,0x14c30000)]
  0x0099c800 JavaThread "Reference Handler" daemon [_thread_blocked, id=4468, stack(0x14b50000,0x14ba0000)]
=>0x008d5c00 JavaThread "main" [_thread_in_native, id=15092, stack(0x02440000,0x02490000)]

Other Threads:
  0x00988400 VMThread [stack: 0x14ac0000,0x14b10000] [id=21276]
  0x14d7b800 WatcherThread [stack: 0x15600000,0x15650000] [id=22212]

VM state:not at safepoint (normal execution)

VM Mutex/Monitor currently owned by a thread: None

Heap:
 def new generation   total 4928K, used 1075K [0x04600000, 0x04b50000, 0x09b50000)
  eden space 4416K,  24% used [0x04600000, 0x0470cdf0, 0x04a50000)
  from space 512K,   0% used [0x04a50000, 0x04a50000, 0x04ad0000)
  to   space 512K,   0% used [0x04ad0000, 0x04ad0000, 0x04b50000)
 tenured generation   total 10944K, used 0K [0x09b50000, 0x0a600000, 0x14600000)
   the space 10944K,   0% used [0x09b50000, 0x09b50000, 0x09b50200, 0x0a600000)
 Metaspace       used 2246K, capacity 2344K, committed 2368K, reserved 4480K

Card table byte_map: [0x04520000,0x045b0000] byte_map_base: 0x044fd000

Polling page: 0x00dc0000

CodeCache: size=32768Kb used=705Kb max_used=705Kb free=32062Kb
 bounds [0x024a0000, 0x02558000, 0x044a0000]
 total_blobs=161 nmethods=26 adapters=75
 compilation: enabled

Compilation events (10 events):
Event: 0.117 Thread 0x14d5f800   22             java.lang.String::length (6 bytes)
Event: 0.117 Thread 0x14d5f800 nmethod 22 0x0254de88 code [0x0254df80, 0x0254e010]
Event: 0.117 Thread 0x14d5f800   23             java.io.WinNTFileSystem::normalize (143 bytes)
Event: 0.117 Thread 0x14d5f800 nmethod 23 0x0254e088 code [0x0254e1e0, 0x0254e48c]
Event: 0.119 Thread 0x14d5f800   24             sun.net.www.ParseUtil::encodePath (336 bytes)
Event: 0.119 Thread 0x14d5f800 nmethod 24 0x0254e7c8 code [0x0254e970, 0x0254f058]
Event: 0.127 Thread 0x14d5f800   25             java.lang.Math::min (11 bytes)
Event: 0.127 Thread 0x14d5f800 nmethod 25 0x0254f848 code [0x0254f940, 0x0254f9b0]
Event: 0.127 Thread 0x14d5f800   26             sun.nio.cs.UTF_8$Encoder::encode (359 bytes)
Event: 0.128 Thread 0x14d5f800 nmethod 26 0x0254fa08 code [0x0254fb50, 0x0254ffb8]

GC Heap History (0 events):
No events

Deoptimization events (0 events):
No events

Classes redefined (0 events):
No events

Internal exceptions (2 events):
Event: 0.020 Thread 0x008d5c00 Exception <a 'java/lang/NoSuchMethodError': Method sun.misc.Unsafe.defineClass(Ljava/lang/String;[BII)Ljava/lang/Class; name or signature does not match> (0x04606ec8) thrown at [C:\workspace\openjdk-build\workspace\build\src\hotspot\src\share\vm\prims\jni
Event: 0.020 Thread 0x008d5c00 Exception <a 'java/lang/NoSuchMethodError': Method sun.misc.Unsafe.prefetchRead(Ljava/lang/Object;J)V name or signature does not match> (0x04607198) thrown at [C:\workspace\openjdk-build\workspace\build\src\hotspot\src\share\vm\prims\jni.cpp, line 4015]

Events (10 events):
Event: 0.129 loading class org/jpl7/fli/Int64Holder
Event: 0.129 loading class org/jpl7/fli/Int64Holder done
Event: 0.129 loading class org/jpl7/fli/DoubleHolder
Event: 0.129 loading class org/jpl7/fli/DoubleHolder done
Event: 0.129 loading class org/jpl7/fli/StringHolder
Event: 0.129 loading class org/jpl7/fli/StringHolder done
Event: 0.129 loading class org/jpl7/fli/ObjectHolder
Event: 0.129 loading class org/jpl7/fli/ObjectHolder done
Event: 0.130 loading class org/jpl7/fli/BooleanHolder
Event: 0.130 loading class org/jpl7/fli/BooleanHolder done


Dynamic libraries:
0x005b0000 - 0x005f1000 	C:\Program Files (x86)\Eclipse Adoptium\jre-8.0.432.6-hotspot\bin\java.exe
0x77d30000 - 0x77ee2000 	C:\WINDOWS\SYSTEM32\ntdll.dll
0x773f0000 - 0x774e0000 	C:\WINDOWS\System32\KERNEL32.DLL
0x74f70000 - 0x74f85000 	C:\Program Files\Avast Software\Avast\x86\aswhook.dll
0x77040000 - 0x772c2000 	C:\WINDOWS\System32\KERNELBASE.dll
0x71cb0000 - 0x71d56000 	C:\WINDOWS\SYSTEM32\apphelp.dll
0x75e30000 - 0x75eaf000 	C:\WINDOWS\System32\ADVAPI32.dll
0x77ae0000 - 0x77ba4000 	C:\WINDOWS\System32\msvcrt.dll
0x77a50000 - 0x77ad5000 	C:\WINDOWS\System32\sechost.dll
0x76680000 - 0x7669a000 	C:\WINDOWS\System32\bcrypt.dll
0x77330000 - 0x773ea000 	C:\WINDOWS\System32\RPCRT4.dll
0x75c60000 - 0x75e09000 	C:\WINDOWS\System32\USER32.dll
0x75960000 - 0x7597a000 	C:\WINDOWS\System32\win32u.dll
0x76b20000 - 0x76b43000 	C:\WINDOWS\System32\GDI32.dll
0x75a60000 - 0x75b42000 	C:\WINDOWS\System32\gdi32full.dll
0x76f10000 - 0x76f89000 	C:\WINDOWS\System32\msvcp_win.dll
0x75eb0000 - 0x75fc2000 	C:\WINDOWS\System32\ucrtbase.dll
0x6ee00000 - 0x6f027000 	C:\WINDOWS\WinSxS\x86_microsoft.windows.common-controls_6595b64144ccf1df_6.0.22621.3672_none_6ec0f0a887fe525b\COMCTL32.dll
0x766a0000 - 0x766c5000 	C:\WINDOWS\System32\IMM32.DLL
0x58020000 - 0x58035000 	C:\Program Files (x86)\Eclipse Adoptium\jre-8.0.432.6-hotspot\bin\vcruntime140.dll
0x566e0000 - 0x5674d000 	C:\Program Files (x86)\Eclipse Adoptium\jre-8.0.432.6-hotspot\bin\msvcp140.dll
0x56170000 - 0x56560000 	C:\Program Files (x86)\Eclipse Adoptium\jre-8.0.432.6-hotspot\bin\client\jvm.dll
0x766d0000 - 0x766d6000 	C:\WINDOWS\System32\PSAPI.DLL
0x74550000 - 0x74558000 	C:\WINDOWS\SYSTEM32\VERSION.dll
0x5fbe0000 - 0x5fbe8000 	C:\WINDOWS\SYSTEM32\WSOCK32.dll
0x75260000 - 0x75291000 	C:\WINDOWS\SYSTEM32\WINMM.dll
0x77640000 - 0x7769f000 	C:\WINDOWS\System32\WS2_32.dll
0x74f40000 - 0x74f53000 	C:\WINDOWS\SYSTEM32\kernel.appcore.dll
0x58010000 - 0x5801d000 	C:\Program Files (x86)\Eclipse Adoptium\jre-8.0.432.6-hotspot\bin\verify.dll
0x566b0000 - 0x566d4000 	C:\Program Files (x86)\Eclipse Adoptium\jre-8.0.432.6-hotspot\bin\java.dll
0x56680000 - 0x566ac000 	C:\Program Files (x86)\Eclipse Adoptium\jre-8.0.432.6-hotspot\bin\jdwp.dll
0x56670000 - 0x56677000 	C:\Program Files (x86)\Eclipse Adoptium\jre-8.0.432.6-hotspot\bin\npt.dll
0x56650000 - 0x56666000 	C:\Program Files (x86)\Eclipse Adoptium\jre-8.0.432.6-hotspot\bin\zip.dll
0x75fd0000 - 0x76675000 	C:\WINDOWS\System32\SHELL32.dll
0x747b0000 - 0x74ea5000 	C:\WINDOWS\SYSTEM32\windows.storage.dll
0x776a0000 - 0x77920000 	C:\WINDOWS\System32\combase.dll
0x75180000 - 0x75247000 	C:\WINDOWS\SYSTEM32\wintypes.dll
0x75990000 - 0x75a56000 	C:\WINDOWS\System32\SHCORE.dll
0x76f90000 - 0x76fdb000 	C:\WINDOWS\System32\shlwapi.dll
0x6ba60000 - 0x6ba7d000 	C:\WINDOWS\SYSTEM32\profapi.dll
0x56640000 - 0x56649000 	C:\Program Files (x86)\Eclipse Adoptium\jre-8.0.432.6-hotspot\bin\dt_socket.dll
0x5fe50000 - 0x5fe62000 	C:\WINDOWS\system32\napinsp.dll
0x5fe30000 - 0x5fe46000 	C:\WINDOWS\system32\pnrpnsp.dll
0x6af50000 - 0x6afa1000 	C:\WINDOWS\System32\mswsock.dll
0x6bc20000 - 0x6bce2000 	C:\WINDOWS\SYSTEM32\DNSAPI.dll
0x74fc0000 - 0x74fe4000 	C:\WINDOWS\SYSTEM32\IPHLPAPI.DLL
0x75980000 - 0x75987000 	C:\WINDOWS\System32\NSI.dll
0x5fe20000 - 0x5fe2e000 	C:\WINDOWS\System32\winrnr.dll
0x5fe00000 - 0x5fe11000 	C:\WINDOWS\system32\wshbth.dll
0x6bcf0000 - 0x6bd0e000 	C:\WINDOWS\system32\nlansp_c.dll
0x6aee0000 - 0x6af3d000 	C:\WINDOWS\System32\fwpuclnt.dll
0x6af40000 - 0x6af48000 	C:\Windows\System32\rasadhlp.dll
0x567c0000 - 0x567de000 	C:\Program Files (x86)\swipl\bin\jpl.dll
0x567a0000 - 0x567b9000 	C:\Program Files (x86)\swipl\bin\libwinpthread-1.dll
0x55fe0000 - 0x56168000 	C:\Program Files (x86)\swipl\bin\libswipl.dll
0x55f10000 - 0x55fd6000 	C:\Program Files (x86)\swipl\bin\libgcc_s_dw2-1.dll
0x56770000 - 0x56798000 	C:\Program Files (x86)\swipl\bin\zlib1.dll
0x565b0000 - 0x56637000 	C:\Program Files (x86)\swipl\bin\libgmp-10.dll
0x752f0000 - 0x754c6000 	C:\WINDOWS\SYSTEM32\dbghelp.dll
0x75b50000 - 0x75bec000 	C:\WINDOWS\System32\OLEAUT32.dll
0x75bf0000 - 0x75c53000 	C:\WINDOWS\System32\bcryptPrimitives.dll

VM Arguments:
jvm_args: -agentlib:jdwp=transport=dt_socket,server=n,suspend=y,address=localhost:59872 
java_command: main.Main
java_class_path (initial): C:\Users\urano\AppData\Local\Temp\cp_64nj06g911tqnyttzxlqybrr5.jar
Launcher Type: SUN_STANDARD

Environment Variables:
JAVA_HOME=C:\Program Files (x86)\Eclipse Adoptium\jre-8.0.432.6-hotspot\
PATH=C:\Program Files (x86)\Eclipse Adoptium\jre-8.0.432.6-hotspot\bin;C:\Program Files\Eclipse Adoptium\jdk-21.0.3.9-hotspot\bin;C:\Program Files\Microsoft MPI\Bin\;C:\Program Files\Eclipse Adoptium\jre-8.0.392.8-hotspot\bin;C:\Program Files\Eclipse Adoptium\jre-11.0.21.9-hotspot\bin;C:\WINDOWS\system32;C:\WINDOWS;C:\WINDOWS\System32\Wbem;C:\WINDOWS\System32\WindowsPowerShell\v1.0\;C:\WINDOWS\System32\OpenSSH\;C:\Program Files (x86)\NVIDIA Corporation\PhysX\Common;C:\Program Files\NVIDIA Corporation\NVIDIA NvDLISR;C:\Program Files\Microsoft SQL Server\150\Tools\Binn\;C:\Program Files\Microsoft SQL Server\Client SDK\ODBC\170\Tools\Binn\;C:\Program Files (x86)\Microsoft SQL Server\160\Tools\Binn\;C:\Program Files\Microsoft SQL Server\160\Tools\Binn\;C:\Program Files\Microsoft SQL Server\160\DTS\Binn\;C:\Program Files (x86)\Microsoft SQL Server\160\DTS\Binn\;C:\Program Files\MongoDB\Server\7.0\bin;C:\Program Files\dotnet\;C:\Program Files\Git\cmd;C:\Users\urano\AppData\Local\Microsoft\WindowsApps;C:\Users\urano\AppData\Local\Programs\Microsoft VS Code\bin;C:\Program Files\mongosh\;C:\Users\urano\.dotnet\tools;C:\Program Files (x86)\swipl\bin;C:\Program Files (x86)\swipl\lib\jpl.jar;
USERNAME=urano
OS=Windows_NT
PROCESSOR_IDENTIFIER=Intel64 Family 6 Model 165 Stepping 3, GenuineIntel



---------------  S Y S T E M  ---------------

OS: Windows 11 , 64 bit Build 22621 (10.0.22621.3958)

CPU:total 12 (initial active 12) (6 cores per cpu, 2 threads per core) family 6 model 165 stepping 3, cmov, cx8, fxsr, mmx, sse, sse2, sse3, ssse3, sse4.1, sse4.2, popcnt, avx, avx2, aes, clmul, erms, 3dnowpref, lzcnt, ht, tsc, tscinvbit, bmi1, bmi2, adx

Memory: 4k page, physical 16692492k(5866180k free), swap 37664012k(21582692k free)

vm_info: OpenJDK Client VM (25.432-b06) for windows-x86 JRE (1.8.0_432-b06), built on Oct 17 2024 09:47:56 by "jenkins" with unknown MS VC++:1937

time: Sat Nov  9 21:14:45 2024
timezone: Hora estándar de Argentina
elapsed time: 0.156110 seconds (0d 0h 0m 0s)

