#
# A fatal error has been detected by the Java Runtime Environment:
#
#  EXCEPTION_STACK_OVERFLOW (0xc00000fd) at pc=0x5600c9cb, pid=22844, tid=0x00004490
#
# JRE version: OpenJDK Runtime Environment (8.0_432-b06) (build 1.8.0_432-b06)
# Java VM: OpenJDK Client VM (25.432-b06 mixed mode windows-x86 )
# Problematic frame:
# C  [libswipl.dll+0x2c9cb]
#
# Failed to write core dump. Minidumps are not enabled by default on client versions of Windows
#
# If you would like to submit a bug report, please visit:
#   https://github.com/adoptium/adoptium-support/issues
# The crash happened outside the Java Virtual Machine in native code.
# See problematic frame for where to report the bug.
#

---------------  T H R E A D  ---------------

Current thread (0x00de6000):  JavaThread "main" [_thread_in_native, id=17552, stack(0x02820000,0x02870000)]

siginfo: ExceptionCode=0xc00000fd, ExceptionInformation=0x00000001 0x0282080c 

Registers:
EAX=0x0001203c, EBX=0x0282f870, ECX=0x0282080c, EDX=0x00000068
ESP=0x0282f800, EBP=0x028578b0, ESI=0x00008000, EDI=0x010749f8
EIP=0x5600c9cb, EFLAGS=0x00010206

Top of Stack: (sp=0x0282f800)
0x0282f800:   0002003c 00000000 56009e6e 0282f870
0x0282f810:   00008000 010749f8 028578b0 560039d1
0x0282f820:   561064a9 0282f870 00008000 00000000
0x0282f830:   01074a3a 00000000 0282f870 55ff6b14
0x0282f840:   561064a9 0282f870 00008000 00730065
0x0282f850:   00280020 00380078 00290036 0045005c
0x0282f860:   006c0063 00700069 028579b0 00410020
0x0282f870:   006f0064 00740070 00750069 005c006d 

Instructions: (pc=0x5600c9cb)
0x5600c9ab:   97 15 56 90 90 ff 25 64 97 15 56 90 90 51 50 3d
0x5600c9bb:   00 10 00 00 8d 4c 24 0c 72 15 81 e9 00 10 00 00
0x5600c9cb:   83 09 00 2d 00 10 00 00 3d 00 10 00 00 77 eb 29
0x5600c9db:   c1 83 09 00 58 59 c3 90 90 66 90 66 90 66 90 66 


Register to memory mapping:

EAX=0x0001203c is an unknown value
EBX=0x0282f870 is pointing into the stack for thread: 0x00de6000
ECX=0x0282080c is pointing into the stack for thread: 0x00de6000
EDX=0x00000068 is an unknown value
ESP=0x0282f800 is pointing into the stack for thread: 0x00de6000
EBP=0x028578b0 is pointing into the stack for thread: 0x00de6000
ESI=0x00008000 is an unknown value
EDI=0x010749f8 is an unknown value


Stack: [0x02820000,0x02870000],  sp=0x0282f800,  free space=62k
Native frames: (J=compiled Java code, j=interpreted, Vv=VM code, C=native code)
C  [libswipl.dll+0x2c9cb]
C  0x0000006c

Java frames: (J=compiled Java code, j=interpreted, Vv=VM code)
j  org.jpl7.fli.Prolog.thread_self()I+0
j  org.jpl7.Query.open()V+17
j  org.jpl7.Term.textToTerm(Ljava/lang/String;)Lorg/jpl7/Term;+57
j  org.jpl7.Query.buildQueryTerm(Ljava/lang/String;[Lorg/jpl7/Term;)Lorg/jpl7/Term;+1
j  org.jpl7.Query.<init>(Ljava/lang/String;[Lorg/jpl7/Term;)V+3
j  main.Main.main([Ljava/lang/String;)V+22
v  ~StubRoutines::call_stub

---------------  P R O C E S S  ---------------

Java Threads: ( => current thread )
  0x150f1400 JavaThread "Service Thread" daemon [_thread_blocked, id=11528, stack(0x15940000,0x15990000)]
  0x150e3c00 JavaThread "C1 CompilerThread0" daemon [_thread_blocked, id=9420, stack(0x158b0000,0x15900000)]
  0x150dec00 JavaThread "JDWP Command Reader" daemon [_thread_in_native, id=7632, stack(0x15820000,0x15870000)]
  0x150da000 JavaThread "JDWP Event Helper Thread" daemon [_thread_blocked, id=24212, stack(0x15790000,0x157e0000)]
  0x150d4000 JavaThread "JDWP Transport Listener: dt_socket" daemon [_thread_blocked, id=4844, stack(0x15700000,0x15750000)]
  0x150a6400 JavaThread "Attach Listener" daemon [_thread_blocked, id=26176, stack(0x15330000,0x15380000)]
  0x15095800 JavaThread "Signal Dispatcher" daemon [_thread_blocked, id=25172, stack(0x152a0000,0x152f0000)]
  0x00eae400 JavaThread "Finalizer" daemon [_thread_blocked, id=26060, stack(0x14fc0000,0x15010000)]
  0x00eacc00 JavaThread "Reference Handler" daemon [_thread_blocked, id=8420, stack(0x14f30000,0x14f80000)]
=>0x00de6000 JavaThread "main" [_thread_in_native, id=17552, stack(0x02820000,0x02870000)]

Other Threads:
  0x00e98400 VMThread [stack: 0x14ea0000,0x14ef0000] [id=25608]
  0x1510f800 WatcherThread [stack: 0x159d0000,0x15a20000] [id=25800]

VM state:not at safepoint (normal execution)

VM Mutex/Monitor currently owned by a thread: None

Heap:
 def new generation   total 4928K, used 1078K [0x04a00000, 0x04f50000, 0x09f50000)
  eden space 4416K,  24% used [0x04a00000, 0x04b0da88, 0x04e50000)
  from space 512K,   0% used [0x04e50000, 0x04e50000, 0x04ed0000)
  to   space 512K,   0% used [0x04ed0000, 0x04ed0000, 0x04f50000)
 tenured generation   total 10944K, used 0K [0x09f50000, 0x0aa00000, 0x14a00000)
   the space 10944K,   0% used [0x09f50000, 0x09f50000, 0x09f50200, 0x0aa00000)
 Metaspace       used 2245K, capacity 2344K, committed 2368K, reserved 4480K

Card table byte_map: [0x04900000,0x04990000] byte_map_base: 0x048db000

Polling page: 0x00da0000

CodeCache: size=32768Kb used=705Kb max_used=705Kb free=32062Kb
 bounds [0x02880000, 0x02938000, 0x04880000]
 total_blobs=161 nmethods=26 adapters=75
 compilation: enabled

Compilation events (10 events):
Event: 0.122 Thread 0x150e3c00   22             java.lang.String::length (6 bytes)
Event: 0.122 Thread 0x150e3c00 nmethod 22 0x0292de88 code [0x0292df80, 0x0292e010]
Event: 0.122 Thread 0x150e3c00   23             java.io.WinNTFileSystem::normalize (143 bytes)
Event: 0.123 Thread 0x150e3c00 nmethod 23 0x0292e088 code [0x0292e1e0, 0x0292e48c]
Event: 0.124 Thread 0x150e3c00   24             sun.net.www.ParseUtil::encodePath (336 bytes)
Event: 0.124 Thread 0x150e3c00 nmethod 24 0x0292e7c8 code [0x0292e970, 0x0292f058]
Event: 0.131 Thread 0x150e3c00   25             java.lang.Math::min (11 bytes)
Event: 0.131 Thread 0x150e3c00 nmethod 25 0x0292f848 code [0x0292f940, 0x0292f9b0]
Event: 0.132 Thread 0x150e3c00   26             sun.nio.cs.UTF_8$Encoder::encode (359 bytes)
Event: 0.132 Thread 0x150e3c00 nmethod 26 0x0292fa08 code [0x0292fb50, 0x0292ffb8]

GC Heap History (0 events):
No events

Deoptimization events (0 events):
No events

Classes redefined (0 events):
No events

Internal exceptions (2 events):
Event: 0.022 Thread 0x00de6000 Exception <a 'java/lang/NoSuchMethodError': Method sun.misc.Unsafe.defineClass(Ljava/lang/String;[BII)Ljava/lang/Class; name or signature does not match> (0x04a06ec8) thrown at [C:\workspace\openjdk-build\workspace\build\src\hotspot\src\share\vm\prims\jni
Event: 0.022 Thread 0x00de6000 Exception <a 'java/lang/NoSuchMethodError': Method sun.misc.Unsafe.prefetchRead(Ljava/lang/Object;J)V name or signature does not match> (0x04a07198) thrown at [C:\workspace\openjdk-build\workspace\build\src\hotspot\src\share\vm\prims\jni.cpp, line 4015]

Events (10 events):
Event: 0.134 loading class org/jpl7/fli/Int64Holder
Event: 0.134 loading class org/jpl7/fli/Int64Holder done
Event: 0.134 loading class org/jpl7/fli/DoubleHolder
Event: 0.134 loading class org/jpl7/fli/DoubleHolder done
Event: 0.134 loading class org/jpl7/fli/StringHolder
Event: 0.134 loading class org/jpl7/fli/StringHolder done
Event: 0.134 loading class org/jpl7/fli/ObjectHolder
Event: 0.134 loading class org/jpl7/fli/ObjectHolder done
Event: 0.135 loading class org/jpl7/fli/BooleanHolder
Event: 0.135 loading class org/jpl7/fli/BooleanHolder done


Dynamic libraries:
0x005b0000 - 0x005f1000 	C:\Program Files (x86)\Eclipse Adoptium\jre-8.0.432.6-hotspot\bin\java.exe
0x77d30000 - 0x77ee2000 	C:\WINDOWS\SYSTEM32\ntdll.dll
0x773f0000 - 0x774e0000 	C:\WINDOWS\System32\KERNEL32.DLL
0x74f70000 - 0x74f85000 	C:\Program Files\Avast Software\Avast\x86\aswhook.dll
0x77040000 - 0x772c2000 	C:\WINDOWS\System32\KERNELBASE.dll
0x71cb0000 - 0x71d56000 	C:\WINDOWS\SYSTEM32\apphelp.dll
0x75e30000 - 0x75eaf000 	C:\WINDOWS\System32\ADVAPI32.dll
0x77ae0000 - 0x77ba4000 	C:\WINDOWS\System32\msvcrt.dll
0x77a50000 - 0x77ad5000 	C:\WINDOWS\System32\sechost.dll
0x76680000 - 0x7669a000 	C:\WINDOWS\System32\bcrypt.dll
0x77330000 - 0x773ea000 	C:\WINDOWS\System32\RPCRT4.dll
0x75c60000 - 0x75e09000 	C:\WINDOWS\System32\USER32.dll
0x75960000 - 0x7597a000 	C:\WINDOWS\System32\win32u.dll
0x76b20000 - 0x76b43000 	C:\WINDOWS\System32\GDI32.dll
0x75a60000 - 0x75b42000 	C:\WINDOWS\System32\gdi32full.dll
0x76f10000 - 0x76f89000 	C:\WINDOWS\System32\msvcp_win.dll
0x75eb0000 - 0x75fc2000 	C:\WINDOWS\System32\ucrtbase.dll
0x6ee00000 - 0x6f027000 	C:\WINDOWS\WinSxS\x86_microsoft.windows.common-controls_6595b64144ccf1df_6.0.22621.3672_none_6ec0f0a887fe525b\COMCTL32.dll
0x766a0000 - 0x766c5000 	C:\WINDOWS\System32\IMM32.DLL
0x567b0000 - 0x567c5000 	C:\Program Files (x86)\Eclipse Adoptium\jre-8.0.432.6-hotspot\bin\vcruntime140.dll
0x56740000 - 0x567ad000 	C:\Program Files (x86)\Eclipse Adoptium\jre-8.0.432.6-hotspot\bin\msvcp140.dll
0x56170000 - 0x56560000 	C:\Program Files (x86)\Eclipse Adoptium\jre-8.0.432.6-hotspot\bin\client\jvm.dll
0x766d0000 - 0x766d6000 	C:\WINDOWS\System32\PSAPI.DLL
0x5fbe0000 - 0x5fbe8000 	C:\WINDOWS\SYSTEM32\WSOCK32.dll
0x75260000 - 0x75291000 	C:\WINDOWS\SYSTEM32\WINMM.dll
0x74550000 - 0x74558000 	C:\WINDOWS\SYSTEM32\VERSION.dll
0x77640000 - 0x7769f000 	C:\WINDOWS\System32\WS2_32.dll
0x74f40000 - 0x74f53000 	C:\WINDOWS\SYSTEM32\kernel.appcore.dll
0x58010000 - 0x5801d000 	C:\Program Files (x86)\Eclipse Adoptium\jre-8.0.432.6-hotspot\bin\verify.dll
0x56710000 - 0x56734000 	C:\Program Files (x86)\Eclipse Adoptium\jre-8.0.432.6-hotspot\bin\java.dll
0x566e0000 - 0x5670c000 	C:\Program Files (x86)\Eclipse Adoptium\jre-8.0.432.6-hotspot\bin\jdwp.dll
0x566d0000 - 0x566d7000 	C:\Program Files (x86)\Eclipse Adoptium\jre-8.0.432.6-hotspot\bin\npt.dll
0x566b0000 - 0x566c6000 	C:\Program Files (x86)\Eclipse Adoptium\jre-8.0.432.6-hotspot\bin\zip.dll
0x75fd0000 - 0x76675000 	C:\WINDOWS\System32\SHELL32.dll
0x747b0000 - 0x74ea5000 	C:\WINDOWS\SYSTEM32\windows.storage.dll
0x776a0000 - 0x77920000 	C:\WINDOWS\System32\combase.dll
0x75180000 - 0x75247000 	C:\WINDOWS\SYSTEM32\wintypes.dll
0x75990000 - 0x75a56000 	C:\WINDOWS\System32\SHCORE.dll
0x76f90000 - 0x76fdb000 	C:\WINDOWS\System32\shlwapi.dll
0x6ba60000 - 0x6ba7d000 	C:\WINDOWS\SYSTEM32\profapi.dll
0x566a0000 - 0x566a9000 	C:\Program Files (x86)\Eclipse Adoptium\jre-8.0.432.6-hotspot\bin\dt_socket.dll
0x5fe50000 - 0x5fe62000 	C:\WINDOWS\system32\napinsp.dll
0x5fe30000 - 0x5fe46000 	C:\WINDOWS\system32\pnrpnsp.dll
0x6af50000 - 0x6afa1000 	C:\WINDOWS\System32\mswsock.dll
0x6bc20000 - 0x6bce2000 	C:\WINDOWS\SYSTEM32\DNSAPI.dll
0x74fc0000 - 0x74fe4000 	C:\WINDOWS\SYSTEM32\IPHLPAPI.DLL
0x75980000 - 0x75987000 	C:\WINDOWS\System32\NSI.dll
0x5fe20000 - 0x5fe2e000 	C:\WINDOWS\System32\winrnr.dll
0x5fe00000 - 0x5fe11000 	C:\WINDOWS\system32\wshbth.dll
0x6bcf0000 - 0x6bd0e000 	C:\WINDOWS\system32\nlansp_c.dll
0x6aee0000 - 0x6af3d000 	C:\WINDOWS\System32\fwpuclnt.dll
0x6af40000 - 0x6af48000 	C:\Windows\System32\rasadhlp.dll
0x56680000 - 0x5669e000 	C:\Program Files (x86)\swipl\bin\jpl.dll
0x56660000 - 0x56679000 	C:\Program Files (x86)\swipl\bin\libwinpthread-1.dll
0x55fe0000 - 0x56168000 	C:\Program Files (x86)\swipl\bin\libswipl.dll
0x56630000 - 0x56658000 	C:\Program Files (x86)\swipl\bin\zlib1.dll
0x565a0000 - 0x56627000 	C:\Program Files (x86)\swipl\bin\libgmp-10.dll
0x55f10000 - 0x55fd6000 	C:\Program Files (x86)\swipl\bin\libgcc_s_dw2-1.dll
0x752f0000 - 0x754c6000 	C:\WINDOWS\SYSTEM32\dbghelp.dll
0x75b50000 - 0x75bec000 	C:\WINDOWS\System32\OLEAUT32.dll
0x75bf0000 - 0x75c53000 	C:\WINDOWS\System32\bcryptPrimitives.dll

VM Arguments:
jvm_args: -agentlib:jdwp=transport=dt_socket,server=n,suspend=y,address=localhost:50183 
java_command: main.Main
java_class_path (initial): C:\Users\urano\AppData\Local\Temp\cp_64nj06g911tqnyttzxlqybrr5.jar
Launcher Type: SUN_STANDARD

Environment Variables:
JAVA_HOME=C:\Program Files (x86)\Eclipse Adoptium\jre-8.0.432.6-hotspot\
PATH=C:\Program Files (x86)\Eclipse Adoptium\jre-8.0.432.6-hotspot\bin;C:\Program Files\Eclipse Adoptium\jdk-21.0.3.9-hotspot\bin;C:\Program Files\Microsoft MPI\Bin\;C:\Program Files\Eclipse Adoptium\jre-8.0.392.8-hotspot\bin;C:\Program Files\Eclipse Adoptium\jre-11.0.21.9-hotspot\bin;C:\WINDOWS\system32;C:\WINDOWS;C:\WINDOWS\System32\Wbem;C:\WINDOWS\System32\WindowsPowerShell\v1.0\;C:\WINDOWS\System32\OpenSSH\;C:\Program Files (x86)\NVIDIA Corporation\PhysX\Common;C:\Program Files\NVIDIA Corporation\NVIDIA NvDLISR;C:\Program Files\Microsoft SQL Server\150\Tools\Binn\;C:\Program Files\Microsoft SQL Server\Client SDK\ODBC\170\Tools\Binn\;C:\Program Files (x86)\Microsoft SQL Server\160\Tools\Binn\;C:\Program Files\Microsoft SQL Server\160\Tools\Binn\;C:\Program Files\Microsoft SQL Server\160\DTS\Binn\;C:\Program Files (x86)\Microsoft SQL Server\160\DTS\Binn\;C:\Program Files\MongoDB\Server\7.0\bin;C:\Program Files\dotnet\;C:\Program Files\Git\cmd;C:\Users\urano\AppData\Local\Microsoft\WindowsApps;C:\Users\urano\AppData\Local\Programs\Microsoft VS Code\bin;C:\Program Files\mongosh\;C:\Users\urano\.dotnet\tools;C:\Program Files (x86)\swipl\bin;C:\Program Files (x86)\swipl\lib\jpl.jar;
USERNAME=urano
OS=Windows_NT
PROCESSOR_IDENTIFIER=Intel64 Family 6 Model 165 Stepping 3, GenuineIntel



---------------  S Y S T E M  ---------------

OS: Windows 11 , 64 bit Build 22621 (10.0.22621.3958)

CPU:total 12 (initial active 12) (6 cores per cpu, 2 threads per core) family 6 model 165 stepping 3, cmov, cx8, fxsr, mmx, sse, sse2, sse3, ssse3, sse4.1, sse4.2, popcnt, avx, avx2, aes, clmul, erms, 3dnowpref, lzcnt, ht, tsc, tscinvbit, bmi1, bmi2, adx

Memory: 4k page, physical 16692492k(5214764k free), swap 37664012k(21734220k free)

vm_info: OpenJDK Client VM (25.432-b06) for windows-x86 JRE (1.8.0_432-b06), built on Oct 17 2024 09:47:56 by "jenkins" with unknown MS VC++:1937

time: Sat Nov  9 22:20:19 2024
timezone: Hora estándar de Argentina
elapsed time: 0.162007 seconds (0d 0h 0m 0s)

