#
# A fatal error has been detected by the Java Runtime Environment:
#
#  EXCEPTION_STACK_OVERFLOW (0xc00000fd) at pc=0x5600c9cb, pid=3408, tid=0x00000b94
#
# JRE version: OpenJDK Runtime Environment (8.0_432-b06) (build 1.8.0_432-b06)
# Java VM: OpenJDK Client VM (25.432-b06 mixed mode windows-x86 )
# Problematic frame:
# C  [libswipl.dll+0x2c9cb]
#
# Failed to write core dump. Minidumps are not enabled by default on client versions of Windows
#
# If you would like to submit a bug report, please visit:
#   https://github.com/adoptium/adoptium-support/issues
# The crash happened outside the Java Virtual Machine in native code.
# See problematic frame for where to report the bug.
#

---------------  T H R E A D  ---------------

Current thread (0x00814800):  JavaThread "main" [_thread_in_native, id=2964, stack(0x021a0000,0x021f0000)]

siginfo: ExceptionCode=0xc00000fd, ExceptionInformation=0x00000001 0x021a015c 

Registers:
EAX=0x0001203c, EBX=0x021af1c0, ECX=0x021a015c, EDX=0x00000068
ESP=0x021af150, EBP=0x021d7200, ESI=0x00008000, EDI=0x009f49f8
EIP=0x5600c9cb, EFLAGS=0x00010206

Top of Stack: (sp=0x021af150)
0x021af150:   0002003c 00000000 56009e6e 021af1c0
0x021af160:   00008000 009f49f8 021d7200 560039d1
0x021af170:   561064a9 021af1c0 00008000 00000000
0x021af180:   009f4a3a 00000000 021af1c0 55ff6b14
0x021af190:   561064a9 021af1c0 00008000 00730065
0x021af1a0:   00280020 00380078 00290036 0045005c
0x021af1b0:   006c0063 00700069 021d7300 00410020
0x021af1c0:   006f0064 00740070 00750069 005c006d 

Instructions: (pc=0x5600c9cb)
0x5600c9ab:   97 15 56 90 90 ff 25 64 97 15 56 90 90 51 50 3d
0x5600c9bb:   00 10 00 00 8d 4c 24 0c 72 15 81 e9 00 10 00 00
0x5600c9cb:   83 09 00 2d 00 10 00 00 3d 00 10 00 00 77 eb 29
0x5600c9db:   c1 83 09 00 58 59 c3 90 90 66 90 66 90 66 90 66 


Register to memory mapping:

EAX=0x0001203c is an unknown value
EBX=0x021af1c0 is pointing into the stack for thread: 0x00814800
ECX=0x021a015c is pointing into the stack for thread: 0x00814800
EDX=0x00000068 is an unknown value
ESP=0x021af150 is pointing into the stack for thread: 0x00814800
EBP=0x021d7200 is pointing into the stack for thread: 0x00814800
ESI=0x00008000 is an unknown value
EDI=0x009f49f8 is an unknown value


Stack: [0x021a0000,0x021f0000],  sp=0x021af150,  free space=60k
Native frames: (J=compiled Java code, j=interpreted, Vv=VM code, C=native code)
C  [libswipl.dll+0x2c9cb]
C  0x0000006c

Java frames: (J=compiled Java code, j=interpreted, Vv=VM code)
j  org.jpl7.fli.Prolog.thread_self()I+0
j  org.jpl7.Query.open()V+17
j  org.jpl7.Term.textToTerm(Ljava/lang/String;)Lorg/jpl7/Term;+57
j  org.jpl7.Query.buildQueryTerm(Ljava/lang/String;[Lorg/jpl7/Term;)Lorg/jpl7/Term;+1
j  org.jpl7.Query.<init>(Ljava/lang/String;[Lorg/jpl7/Term;)V+3
j  main.Main.main([Ljava/lang/String;)V+25
v  ~StubRoutines::call_stub

---------------  P R O C E S S  ---------------

Java Threads: ( => current thread )
  0x14aed400 JavaThread "Service Thread" daemon [_thread_blocked, id=8168, stack(0x15300000,0x15350000)]
  0x14ae8400 JavaThread "C1 CompilerThread0" daemon [_thread_blocked, id=20704, stack(0x15270000,0x152c0000)]
  0x14adcc00 JavaThread "JDWP Command Reader" daemon [_thread_in_native, id=24500, stack(0x151e0000,0x15230000)]
  0x14ad8800 JavaThread "JDWP Event Helper Thread" daemon [_thread_blocked, id=7636, stack(0x15150000,0x151a0000)]
  0x14ad3000 JavaThread "JDWP Transport Listener: dt_socket" daemon [_thread_blocked, id=1688, stack(0x150c0000,0x15110000)]
  0x14aa4c00 JavaThread "Attach Listener" daemon [_thread_blocked, id=12380, stack(0x14cf0000,0x14d40000)]
  0x14a94400 JavaThread "Signal Dispatcher" daemon [_thread_blocked, id=12480, stack(0x14c60000,0x14cb0000)]
  0x008dcc00 JavaThread "Finalizer" daemon [_thread_blocked, id=15432, stack(0x14980000,0x149d0000)]
  0x008db400 JavaThread "Reference Handler" daemon [_thread_blocked, id=17140, stack(0x148f0000,0x14940000)]
=>0x00814800 JavaThread "main" [_thread_in_native, id=2964, stack(0x021a0000,0x021f0000)]

Other Threads:
  0x008c6c00 VMThread [stack: 0x14860000,0x148b0000] [id=5488]
  0x14af2000 WatcherThread [stack: 0x15390000,0x153e0000] [id=2256]

VM state:not at safepoint (normal execution)

VM Mutex/Monitor currently owned by a thread: None

Heap:
 def new generation   total 4928K, used 1066K [0x04400000, 0x04950000, 0x09950000)
  eden space 4416K,  24% used [0x04400000, 0x0450ab28, 0x04850000)
  from space 512K,   0% used [0x04850000, 0x04850000, 0x048d0000)
  to   space 512K,   0% used [0x048d0000, 0x048d0000, 0x04950000)
 tenured generation   total 10944K, used 0K [0x09950000, 0x0a400000, 0x14400000)
   the space 10944K,   0% used [0x09950000, 0x09950000, 0x09950200, 0x0a400000)
 Metaspace       used 2245K, capacity 2344K, committed 2368K, reserved 4480K

Card table byte_map: [0x042a0000,0x04330000] byte_map_base: 0x0427e000

Polling page: 0x021f0000

CodeCache: size=32768Kb used=705Kb max_used=705Kb free=32062Kb
 bounds [0x02220000, 0x022d8000, 0x04220000]
 total_blobs=161 nmethods=26 adapters=75
 compilation: enabled

Compilation events (10 events):
Event: 0.131 Thread 0x14ae8400   22             java.lang.String::length (6 bytes)
Event: 0.131 Thread 0x14ae8400 nmethod 22 0x022cde88 code [0x022cdf80, 0x022ce010]
Event: 0.131 Thread 0x14ae8400   23             java.io.WinNTFileSystem::normalize (143 bytes)
Event: 0.131 Thread 0x14ae8400 nmethod 23 0x022ce088 code [0x022ce1e0, 0x022ce48c]
Event: 0.132 Thread 0x14ae8400   24             sun.net.www.ParseUtil::encodePath (336 bytes)
Event: 0.133 Thread 0x14ae8400 nmethod 24 0x022ce7c8 code [0x022ce970, 0x022cf058]
Event: 0.140 Thread 0x14ae8400   25             java.lang.Math::min (11 bytes)
Event: 0.140 Thread 0x14ae8400 nmethod 25 0x022cf848 code [0x022cf940, 0x022cf9b0]
Event: 0.140 Thread 0x14ae8400   26             sun.nio.cs.UTF_8$Encoder::encode (359 bytes)
Event: 0.141 Thread 0x14ae8400 nmethod 26 0x022cfa08 code [0x022cfb50, 0x022cffb8]

GC Heap History (0 events):
No events

Deoptimization events (0 events):
No events

Classes redefined (0 events):
No events

Internal exceptions (2 events):
Event: 0.019 Thread 0x00814800 Exception <a 'java/lang/NoSuchMethodError': Method sun.misc.Unsafe.defineClass(Ljava/lang/String;[BII)Ljava/lang/Class; name or signature does not match> (0x04406ec8) thrown at [C:\workspace\openjdk-build\workspace\build\src\hotspot\src\share\vm\prims\jni
Event: 0.019 Thread 0x00814800 Exception <a 'java/lang/NoSuchMethodError': Method sun.misc.Unsafe.prefetchRead(Ljava/lang/Object;J)V name or signature does not match> (0x04407198) thrown at [C:\workspace\openjdk-build\workspace\build\src\hotspot\src\share\vm\prims\jni.cpp, line 4015]

Events (10 events):
Event: 0.142 loading class org/jpl7/fli/Int64Holder
Event: 0.142 loading class org/jpl7/fli/Int64Holder done
Event: 0.142 loading class org/jpl7/fli/DoubleHolder
Event: 0.142 loading class org/jpl7/fli/DoubleHolder done
Event: 0.142 loading class org/jpl7/fli/StringHolder
Event: 0.142 loading class org/jpl7/fli/StringHolder done
Event: 0.142 loading class org/jpl7/fli/ObjectHolder
Event: 0.142 loading class org/jpl7/fli/ObjectHolder done
Event: 0.142 loading class org/jpl7/fli/BooleanHolder
Event: 0.142 loading class org/jpl7/fli/BooleanHolder done


Dynamic libraries:
0x005b0000 - 0x005f1000 	C:\Program Files (x86)\Eclipse Adoptium\jre-8.0.432.6-hotspot\bin\java.exe
0x77d30000 - 0x77ee2000 	C:\WINDOWS\SYSTEM32\ntdll.dll
0x773f0000 - 0x774e0000 	C:\WINDOWS\System32\KERNEL32.DLL
0x74f70000 - 0x74f85000 	C:\Program Files\Avast Software\Avast\x86\aswhook.dll
0x77040000 - 0x772c2000 	C:\WINDOWS\System32\KERNELBASE.dll
0x71cb0000 - 0x71d56000 	C:\WINDOWS\SYSTEM32\apphelp.dll
0x75e30000 - 0x75eaf000 	C:\WINDOWS\System32\ADVAPI32.dll
0x77ae0000 - 0x77ba4000 	C:\WINDOWS\System32\msvcrt.dll
0x77a50000 - 0x77ad5000 	C:\WINDOWS\System32\sechost.dll
0x76680000 - 0x7669a000 	C:\WINDOWS\System32\bcrypt.dll
0x77330000 - 0x773ea000 	C:\WINDOWS\System32\RPCRT4.dll
0x75c60000 - 0x75e09000 	C:\WINDOWS\System32\USER32.dll
0x75960000 - 0x7597a000 	C:\WINDOWS\System32\win32u.dll
0x76b20000 - 0x76b43000 	C:\WINDOWS\System32\GDI32.dll
0x75a60000 - 0x75b42000 	C:\WINDOWS\System32\gdi32full.dll
0x76f10000 - 0x76f89000 	C:\WINDOWS\System32\msvcp_win.dll
0x75eb0000 - 0x75fc2000 	C:\WINDOWS\System32\ucrtbase.dll
0x6ee00000 - 0x6f027000 	C:\WINDOWS\WinSxS\x86_microsoft.windows.common-controls_6595b64144ccf1df_6.0.22621.3672_none_6ec0f0a887fe525b\COMCTL32.dll
0x766a0000 - 0x766c5000 	C:\WINDOWS\System32\IMM32.DLL
0x58020000 - 0x58035000 	C:\Program Files (x86)\Eclipse Adoptium\jre-8.0.432.6-hotspot\bin\vcruntime140.dll
0x56770000 - 0x567dd000 	C:\Program Files (x86)\Eclipse Adoptium\jre-8.0.432.6-hotspot\bin\msvcp140.dll
0x56170000 - 0x56560000 	C:\Program Files (x86)\Eclipse Adoptium\jre-8.0.432.6-hotspot\bin\client\jvm.dll
0x766d0000 - 0x766d6000 	C:\WINDOWS\System32\PSAPI.DLL
0x5fbe0000 - 0x5fbe8000 	C:\WINDOWS\SYSTEM32\WSOCK32.dll
0x75260000 - 0x75291000 	C:\WINDOWS\SYSTEM32\WINMM.dll
0x74550000 - 0x74558000 	C:\WINDOWS\SYSTEM32\VERSION.dll
0x77640000 - 0x7769f000 	C:\WINDOWS\System32\WS2_32.dll
0x74f40000 - 0x74f53000 	C:\WINDOWS\SYSTEM32\kernel.appcore.dll
0x58010000 - 0x5801d000 	C:\Program Files (x86)\Eclipse Adoptium\jre-8.0.432.6-hotspot\bin\verify.dll
0x56740000 - 0x56764000 	C:\Program Files (x86)\Eclipse Adoptium\jre-8.0.432.6-hotspot\bin\java.dll
0x56710000 - 0x5673c000 	C:\Program Files (x86)\Eclipse Adoptium\jre-8.0.432.6-hotspot\bin\jdwp.dll
0x56700000 - 0x56707000 	C:\Program Files (x86)\Eclipse Adoptium\jre-8.0.432.6-hotspot\bin\npt.dll
0x566e0000 - 0x566f6000 	C:\Program Files (x86)\Eclipse Adoptium\jre-8.0.432.6-hotspot\bin\zip.dll
0x75fd0000 - 0x76675000 	C:\WINDOWS\System32\SHELL32.dll
0x747b0000 - 0x74ea5000 	C:\WINDOWS\SYSTEM32\windows.storage.dll
0x776a0000 - 0x77920000 	C:\WINDOWS\System32\combase.dll
0x75180000 - 0x75247000 	C:\WINDOWS\SYSTEM32\wintypes.dll
0x75990000 - 0x75a56000 	C:\WINDOWS\System32\SHCORE.dll
0x76f90000 - 0x76fdb000 	C:\WINDOWS\System32\shlwapi.dll
0x6ba60000 - 0x6ba7d000 	C:\WINDOWS\SYSTEM32\profapi.dll
0x566d0000 - 0x566d9000 	C:\Program Files (x86)\Eclipse Adoptium\jre-8.0.432.6-hotspot\bin\dt_socket.dll
0x5fe50000 - 0x5fe62000 	C:\WINDOWS\system32\napinsp.dll
0x5fe30000 - 0x5fe46000 	C:\WINDOWS\system32\pnrpnsp.dll
0x6af50000 - 0x6afa1000 	C:\WINDOWS\System32\mswsock.dll
0x6bc20000 - 0x6bce2000 	C:\WINDOWS\SYSTEM32\DNSAPI.dll
0x74fc0000 - 0x74fe4000 	C:\WINDOWS\SYSTEM32\IPHLPAPI.DLL
0x75980000 - 0x75987000 	C:\WINDOWS\System32\NSI.dll
0x5fe20000 - 0x5fe2e000 	C:\WINDOWS\System32\winrnr.dll
0x5fe00000 - 0x5fe11000 	C:\WINDOWS\system32\wshbth.dll
0x6bcf0000 - 0x6bd0e000 	C:\WINDOWS\system32\nlansp_c.dll
0x6aee0000 - 0x6af3d000 	C:\WINDOWS\System32\fwpuclnt.dll
0x6af40000 - 0x6af48000 	C:\Windows\System32\rasadhlp.dll
0x566b0000 - 0x566ce000 	C:\Program Files (x86)\swipl\bin\jpl.dll
0x55fe0000 - 0x56168000 	C:\Program Files (x86)\swipl\bin\libswipl.dll
0x56690000 - 0x566a9000 	C:\Program Files (x86)\swipl\bin\libwinpthread-1.dll
0x565c0000 - 0x56686000 	C:\Program Files (x86)\swipl\bin\libgcc_s_dw2-1.dll
0x55fb0000 - 0x55fd8000 	C:\Program Files (x86)\swipl\bin\zlib1.dll
0x55f20000 - 0x55fa7000 	C:\Program Files (x86)\swipl\bin\libgmp-10.dll
0x752f0000 - 0x754c6000 	C:\WINDOWS\SYSTEM32\dbghelp.dll
0x75b50000 - 0x75bec000 	C:\WINDOWS\System32\OLEAUT32.dll
0x75bf0000 - 0x75c53000 	C:\WINDOWS\System32\bcryptPrimitives.dll

VM Arguments:
jvm_args: -agentlib:jdwp=transport=dt_socket,server=n,suspend=y,address=localhost:60019 
java_command: main.Main
java_class_path (initial): C:\Users\urano\AppData\Local\Temp\cp_64nj06g911tqnyttzxlqybrr5.jar
Launcher Type: SUN_STANDARD

Environment Variables:
JAVA_HOME=C:\Program Files (x86)\Eclipse Adoptium\jre-8.0.432.6-hotspot\
PATH=C:\Program Files (x86)\Eclipse Adoptium\jre-8.0.432.6-hotspot\bin;C:\Program Files\Eclipse Adoptium\jdk-21.0.3.9-hotspot\bin;C:\Program Files\Microsoft MPI\Bin\;C:\Program Files\Eclipse Adoptium\jre-8.0.392.8-hotspot\bin;C:\Program Files\Eclipse Adoptium\jre-11.0.21.9-hotspot\bin;C:\WINDOWS\system32;C:\WINDOWS;C:\WINDOWS\System32\Wbem;C:\WINDOWS\System32\WindowsPowerShell\v1.0\;C:\WINDOWS\System32\OpenSSH\;C:\Program Files (x86)\NVIDIA Corporation\PhysX\Common;C:\Program Files\NVIDIA Corporation\NVIDIA NvDLISR;C:\Program Files\Microsoft SQL Server\150\Tools\Binn\;C:\Program Files\Microsoft SQL Server\Client SDK\ODBC\170\Tools\Binn\;C:\Program Files (x86)\Microsoft SQL Server\160\Tools\Binn\;C:\Program Files\Microsoft SQL Server\160\Tools\Binn\;C:\Program Files\Microsoft SQL Server\160\DTS\Binn\;C:\Program Files (x86)\Microsoft SQL Server\160\DTS\Binn\;C:\Program Files\MongoDB\Server\7.0\bin;C:\Program Files\dotnet\;C:\Program Files\Git\cmd;C:\Users\urano\AppData\Local\Microsoft\WindowsApps;C:\Users\urano\AppData\Local\Programs\Microsoft VS Code\bin;C:\Program Files\mongosh\;C:\Users\urano\.dotnet\tools;C:\Program Files (x86)\swipl\bin;C:\Program Files (x86)\swipl\lib\jpl.jar;
USERNAME=urano
OS=Windows_NT
PROCESSOR_IDENTIFIER=Intel64 Family 6 Model 165 Stepping 3, GenuineIntel



---------------  S Y S T E M  ---------------

OS: Windows 11 , 64 bit Build 22621 (10.0.22621.3958)

CPU:total 12 (initial active 12) (6 cores per cpu, 2 threads per core) family 6 model 165 stepping 3, cmov, cx8, fxsr, mmx, sse, sse2, sse3, ssse3, sse4.1, sse4.2, popcnt, avx, avx2, aes, clmul, erms, 3dnowpref, lzcnt, ht, tsc, tscinvbit, bmi1, bmi2, adx

Memory: 4k page, physical 16692492k(4703904k free), swap 37664012k(20799276k free)

vm_info: OpenJDK Client VM (25.432-b06) for windows-x86 JRE (1.8.0_432-b06), built on Oct 17 2024 09:47:56 by "jenkins" with unknown MS VC++:1937

time: Sat Nov  9 21:21:38 2024
timezone: Hora estándar de Argentina
elapsed time: 0.175293 seconds (0d 0h 0m 0s)

